<?xml version="1.0" encoding="UTF-8"?>
<testsuites name="Login_TS" time="63.225" tests="7" failures="0" errors="0">
   <testsuite name="Login_TS" tests="7" failures="0" errors="0" time="63.225" skipped="0" timestamp="21-03-2024T10:06:47" hostname="DELL - 10.60.12.15" id="Test Suites/Login_TS">
      <properties>
         <property name="deviceName" value=""/>
         <property name="devicePlatform" value=""/>
         <property name="logFolder" value="C:\\Users\\DELL\\git\\LAB04\\Reports\\20240321_100641\\Login_TS\\20240321_100642"/>
         <property name="logFiles" value="C:\\Users\\DELL\\git\\LAB04\\Reports\\20240321_100641\\Login_TS\\20240321_100642\\execution0.log"/>
         <property name="attachments" value=""/>
         <property name="hostName" value="DELL - 10.60.12.15"/>
         <property name="os" value="Windows 10 64bit"/>
         <property name="katalonVersion" value="9.3.1.212"/>
         <property name="browser" value="Chrome 122.0.0.0"/>
         <property name="hostAddress" value="10.60.12.15"/>
         <property name="sessionId" value="d983a9028712788aa6bd3eda37818a1c"/>
         <property name="seleniumVersion" value="3.141.59"/>
         <property name="proxyInformation" value="ProxyInformation { proxyOption=NO_PROXY, proxyServerType=HTTP, username=, password=********, proxyServerAddress=, proxyServerPort=0, executionList=&quot;&quot;, isApplyToDesiredCapabilities=true }"/>
         <property name="platform" value="Windows 10"/>
      </properties>
      <testcase name="Test Cases/Login_TC" time="9.999" classname="Test Cases/Login_TC" status="PASSED">
         <system-out><![CDATA[21-03-2024T10:06:47 - [TEST_CASE][PASSED] - Test Cases/Login_TC: Test Cases/Login_TC

21-03-2024T10:06:48 - [TEST_STEP][PASSED] - openBrowser(""): Browser is opened with url: ''

21-03-2024T10:06:48 - [MESSAGE][INFO] - Starting 'Chrome' driver

21-03-2024T10:06:48 - [MESSAGE][INFO] - Action delay is set to 0 milliseconds

21-03-2024T10:06:50 - [MESSAGE][PASSED] - Browser is opened with url: ''

21-03-2024T10:06:50 - [TEST_STEP][PASSED] - navigateToUrl("https://www.saucedemo.com/"): Navigate to 'https://www.saucedemo.com/' successfully

21-03-2024T10:06:51 - [MESSAGE][PASSED] - Navigate to 'https://www.saucedemo.com/' successfully

21-03-2024T10:06:51 - [TEST_STEP][PASSED] - setText(findTestObject("Object Repository/Page_Swag Labs/input_Swag Labs_user-name"), username): Text '' is set on object 'Object Repository/Page_Swag Labs/input_Swag Labs_user-name'

21-03-2024T10:06:53 - [MESSAGE][PASSED] - Text '' is set on object 'Object Repository/Page_Swag Labs/input_Swag Labs_user-name'

21-03-2024T10:06:53 - [TEST_STEP][PASSED] - setText(findTestObject("Object Repository/Page_Swag Labs/input_Swag Labs_password"), password): Text 'secret_sauce' is set on object 'Object Repository/Page_Swag Labs/input_Swag Labs_password'

21-03-2024T10:06:54 - [MESSAGE][PASSED] - Text 'secret_sauce' is set on object 'Object Repository/Page_Swag Labs/input_Swag Labs_password'

21-03-2024T10:06:54 - [TEST_STEP][PASSED] - click(findTestObject("Object Repository/Page_Swag Labs/input_Swag Labs_login-button")): Object: 'Object Repository/Page_Swag Labs/input_Swag Labs_login-button' is clicked on

21-03-2024T10:06:54 - [MESSAGE][PASSED] - Object: 'Object Repository/Page_Swag Labs/input_Swag Labs_login-button' is clicked on

21-03-2024T10:06:54 - [TEST_STEP][PASSED] - waitForAlert(3): No alert found after 3 second(s).

21-03-2024T10:06:57 - [MESSAGE][WARNING] - No alert found after 3 second(s).]]></system-out>
         <system-err><![CDATA[]]></system-err>
      </testcase>
      <testcase name="Test Cases/Login_TC" time="9.173" classname="Test Cases/Login_TC" status="PASSED">
         <system-out><![CDATA[21-03-2024T10:06:57 - [TEST_CASE][PASSED] - Test Cases/Login_TC: Test Cases/Login_TC

21-03-2024T10:06:57 - [TEST_STEP][PASSED] - openBrowser(""): Browser is opened with url: ''

21-03-2024T10:06:57 - [MESSAGE][WARNING] - A browser is already opened. Closing browser and opening a new one

21-03-2024T10:06:57 - [MESSAGE][INFO] - Starting 'Chrome' driver

21-03-2024T10:06:57 - [MESSAGE][INFO] - Action delay is set to 0 milliseconds

21-03-2024T10:06:58 - [MESSAGE][PASSED] - Browser is opened with url: ''

21-03-2024T10:06:58 - [TEST_STEP][PASSED] - navigateToUrl("https://www.saucedemo.com/"): Navigate to 'https://www.saucedemo.com/' successfully

21-03-2024T10:06:59 - [MESSAGE][PASSED] - Navigate to 'https://www.saucedemo.com/' successfully

21-03-2024T10:06:59 - [TEST_STEP][PASSED] - setText(findTestObject("Object Repository/Page_Swag Labs/input_Swag Labs_user-name"), username): Text 'standard_user' is set on object 'Object Repository/Page_Swag Labs/input_Swag Labs_user-name'

21-03-2024T10:07:02 - [MESSAGE][PASSED] - Text 'standard_user' is set on object 'Object Repository/Page_Swag Labs/input_Swag Labs_user-name'

21-03-2024T10:07:02 - [TEST_STEP][PASSED] - setText(findTestObject("Object Repository/Page_Swag Labs/input_Swag Labs_password"), password): Text '' is set on object 'Object Repository/Page_Swag Labs/input_Swag Labs_password'

21-03-2024T10:07:03 - [MESSAGE][PASSED] - Text '' is set on object 'Object Repository/Page_Swag Labs/input_Swag Labs_password'

21-03-2024T10:07:03 - [TEST_STEP][PASSED] - click(findTestObject("Object Repository/Page_Swag Labs/input_Swag Labs_login-button")): Object: 'Object Repository/Page_Swag Labs/input_Swag Labs_login-button' is clicked on

21-03-2024T10:07:03 - [MESSAGE][PASSED] - Object: 'Object Repository/Page_Swag Labs/input_Swag Labs_login-button' is clicked on

21-03-2024T10:07:03 - [TEST_STEP][PASSED] - waitForAlert(3): No alert found after 3 second(s).

21-03-2024T10:07:06 - [MESSAGE][WARNING] - No alert found after 3 second(s).]]></system-out>
         <system-err><![CDATA[]]></system-err>
      </testcase>
      <testcase name="Test Cases/Login_TC" time="8.013" classname="Test Cases/Login_TC" status="PASSED">
         <system-out><![CDATA[21-03-2024T10:07:06 - [TEST_CASE][PASSED] - Test Cases/Login_TC: Test Cases/Login_TC

21-03-2024T10:07:06 - [TEST_STEP][PASSED] - openBrowser(""): Browser is opened with url: ''

21-03-2024T10:07:06 - [MESSAGE][WARNING] - A browser is already opened. Closing browser and opening a new one

21-03-2024T10:07:07 - [MESSAGE][INFO] - Starting 'Chrome' driver

21-03-2024T10:07:07 - [MESSAGE][INFO] - Action delay is set to 0 milliseconds

21-03-2024T10:07:07 - [MESSAGE][PASSED] - Browser is opened with url: ''

21-03-2024T10:07:07 - [TEST_STEP][PASSED] - navigateToUrl("https://www.saucedemo.com/"): Navigate to 'https://www.saucedemo.com/' successfully

21-03-2024T10:07:08 - [MESSAGE][PASSED] - Navigate to 'https://www.saucedemo.com/' successfully

21-03-2024T10:07:08 - [TEST_STEP][PASSED] - setText(findTestObject("Object Repository/Page_Swag Labs/input_Swag Labs_user-name"), username): Text '' is set on object 'Object Repository/Page_Swag Labs/input_Swag Labs_user-name'

21-03-2024T10:07:10 - [MESSAGE][PASSED] - Text '' is set on object 'Object Repository/Page_Swag Labs/input_Swag Labs_user-name'

21-03-2024T10:07:10 - [TEST_STEP][PASSED] - setText(findTestObject("Object Repository/Page_Swag Labs/input_Swag Labs_password"), password): Text '' is set on object 'Object Repository/Page_Swag Labs/input_Swag Labs_password'

21-03-2024T10:07:11 - [MESSAGE][PASSED] - Text '' is set on object 'Object Repository/Page_Swag Labs/input_Swag Labs_password'

21-03-2024T10:07:11 - [TEST_STEP][PASSED] - click(findTestObject("Object Repository/Page_Swag Labs/input_Swag Labs_login-button")): Object: 'Object Repository/Page_Swag Labs/input_Swag Labs_login-button' is clicked on

21-03-2024T10:07:11 - [MESSAGE][PASSED] - Object: 'Object Repository/Page_Swag Labs/input_Swag Labs_login-button' is clicked on

21-03-2024T10:07:11 - [TEST_STEP][PASSED] - waitForAlert(3): No alert found after 3 second(s).

21-03-2024T10:07:14 - [MESSAGE][WARNING] - No alert found after 3 second(s).]]></system-out>
         <system-err><![CDATA[]]></system-err>
      </testcase>
      <testcase name="Test Cases/Login_TC" time="9.531" classname="Test Cases/Login_TC" status="PASSED">
         <system-out><![CDATA[21-03-2024T10:07:14 - [TEST_CASE][PASSED] - Test Cases/Login_TC: Test Cases/Login_TC

21-03-2024T10:07:14 - [TEST_STEP][PASSED] - openBrowser(""): Browser is opened with url: ''

21-03-2024T10:07:14 - [MESSAGE][WARNING] - A browser is already opened. Closing browser and opening a new one

21-03-2024T10:07:15 - [MESSAGE][INFO] - Starting 'Chrome' driver

21-03-2024T10:07:15 - [MESSAGE][INFO] - Action delay is set to 0 milliseconds

21-03-2024T10:07:15 - [MESSAGE][PASSED] - Browser is opened with url: ''

21-03-2024T10:07:15 - [TEST_STEP][PASSED] - navigateToUrl("https://www.saucedemo.com/"): Navigate to 'https://www.saucedemo.com/' successfully

21-03-2024T10:07:17 - [MESSAGE][PASSED] - Navigate to 'https://www.saucedemo.com/' successfully

21-03-2024T10:07:17 - [TEST_STEP][PASSED] - setText(findTestObject("Object Repository/Page_Swag Labs/input_Swag Labs_user-name"), username): Text 'thinhbo123' is set on object 'Object Repository/Page_Swag Labs/input_Swag Labs_user-name'

21-03-2024T10:07:20 - [MESSAGE][PASSED] - Text 'thinhbo123' is set on object 'Object Repository/Page_Swag Labs/input_Swag Labs_user-name'

21-03-2024T10:07:20 - [TEST_STEP][PASSED] - setText(findTestObject("Object Repository/Page_Swag Labs/input_Swag Labs_password"), password): Text 'secret_sauce' is set on object 'Object Repository/Page_Swag Labs/input_Swag Labs_password'

21-03-2024T10:07:21 - [MESSAGE][PASSED] - Text 'secret_sauce' is set on object 'Object Repository/Page_Swag Labs/input_Swag Labs_password'

21-03-2024T10:07:21 - [TEST_STEP][PASSED] - click(findTestObject("Object Repository/Page_Swag Labs/input_Swag Labs_login-button")): Object: 'Object Repository/Page_Swag Labs/input_Swag Labs_login-button' is clicked on

21-03-2024T10:07:21 - [MESSAGE][PASSED] - Object: 'Object Repository/Page_Swag Labs/input_Swag Labs_login-button' is clicked on

21-03-2024T10:07:21 - [TEST_STEP][PASSED] - waitForAlert(3): No alert found after 3 second(s).

21-03-2024T10:07:24 - [MESSAGE][WARNING] - No alert found after 3 second(s).]]></system-out>
         <system-err><![CDATA[]]></system-err>
      </testcase>
      <testcase name="Test Cases/Login_TC" time="8.877" classname="Test Cases/Login_TC" status="PASSED">
         <system-out><![CDATA[21-03-2024T10:07:24 - [TEST_CASE][PASSED] - Test Cases/Login_TC: Test Cases/Login_TC

21-03-2024T10:07:24 - [TEST_STEP][PASSED] - openBrowser(""): Browser is opened with url: ''

21-03-2024T10:07:24 - [MESSAGE][WARNING] - A browser is already opened. Closing browser and opening a new one

21-03-2024T10:07:24 - [MESSAGE][INFO] - Starting 'Chrome' driver

21-03-2024T10:07:24 - [MESSAGE][INFO] - Action delay is set to 0 milliseconds

21-03-2024T10:07:25 - [MESSAGE][PASSED] - Browser is opened with url: ''

21-03-2024T10:07:25 - [TEST_STEP][PASSED] - navigateToUrl("https://www.saucedemo.com/"): Navigate to 'https://www.saucedemo.com/' successfully

21-03-2024T10:07:26 - [MESSAGE][PASSED] - Navigate to 'https://www.saucedemo.com/' successfully

21-03-2024T10:07:26 - [TEST_STEP][PASSED] - setText(findTestObject("Object Repository/Page_Swag Labs/input_Swag Labs_user-name"), username): Text 'standard_user' is set on object 'Object Repository/Page_Swag Labs/input_Swag Labs_user-name'

21-03-2024T10:07:29 - [MESSAGE][PASSED] - Text 'standard_user' is set on object 'Object Repository/Page_Swag Labs/input_Swag Labs_user-name'

21-03-2024T10:07:29 - [TEST_STEP][PASSED] - setText(findTestObject("Object Repository/Page_Swag Labs/input_Swag Labs_password"), password): Text 'thinhbo123' is set on object 'Object Repository/Page_Swag Labs/input_Swag Labs_password'

21-03-2024T10:07:29 - [MESSAGE][PASSED] - Text 'thinhbo123' is set on object 'Object Repository/Page_Swag Labs/input_Swag Labs_password'

21-03-2024T10:07:29 - [TEST_STEP][PASSED] - click(findTestObject("Object Repository/Page_Swag Labs/input_Swag Labs_login-button")): Object: 'Object Repository/Page_Swag Labs/input_Swag Labs_login-button' is clicked on

21-03-2024T10:07:30 - [MESSAGE][PASSED] - Object: 'Object Repository/Page_Swag Labs/input_Swag Labs_login-button' is clicked on

21-03-2024T10:07:30 - [TEST_STEP][PASSED] - waitForAlert(3): No alert found after 3 second(s).

21-03-2024T10:07:33 - [MESSAGE][WARNING] - No alert found after 3 second(s).]]></system-out>
         <system-err><![CDATA[]]></system-err>
      </testcase>
      <testcase name="Test Cases/Login_TC" time="9.373" classname="Test Cases/Login_TC" status="PASSED">
         <system-out><![CDATA[21-03-2024T10:07:33 - [TEST_CASE][PASSED] - Test Cases/Login_TC: Test Cases/Login_TC

21-03-2024T10:07:33 - [TEST_STEP][PASSED] - openBrowser(""): Browser is opened with url: ''

21-03-2024T10:07:33 - [MESSAGE][WARNING] - A browser is already opened. Closing browser and opening a new one

21-03-2024T10:07:33 - [MESSAGE][INFO] - Starting 'Chrome' driver

21-03-2024T10:07:33 - [MESSAGE][INFO] - Action delay is set to 0 milliseconds

21-03-2024T10:07:34 - [MESSAGE][PASSED] - Browser is opened with url: ''

21-03-2024T10:07:34 - [TEST_STEP][PASSED] - navigateToUrl("https://www.saucedemo.com/"): Navigate to 'https://www.saucedemo.com/' successfully

21-03-2024T10:07:34 - [MESSAGE][PASSED] - Navigate to 'https://www.saucedemo.com/' successfully

21-03-2024T10:07:34 - [TEST_STEP][PASSED] - setText(findTestObject("Object Repository/Page_Swag Labs/input_Swag Labs_user-name"), username): Text 'thinhbo123' is set on object 'Object Repository/Page_Swag Labs/input_Swag Labs_user-name'

21-03-2024T10:07:38 - [MESSAGE][PASSED] - Text 'thinhbo123' is set on object 'Object Repository/Page_Swag Labs/input_Swag Labs_user-name'

21-03-2024T10:07:38 - [TEST_STEP][PASSED] - setText(findTestObject("Object Repository/Page_Swag Labs/input_Swag Labs_password"), password): Text 'thinhbo123' is set on object 'Object Repository/Page_Swag Labs/input_Swag Labs_password'

21-03-2024T10:07:39 - [MESSAGE][PASSED] - Text 'thinhbo123' is set on object 'Object Repository/Page_Swag Labs/input_Swag Labs_password'

21-03-2024T10:07:39 - [TEST_STEP][PASSED] - click(findTestObject("Object Repository/Page_Swag Labs/input_Swag Labs_login-button")): Object: 'Object Repository/Page_Swag Labs/input_Swag Labs_login-button' is clicked on

21-03-2024T10:07:39 - [MESSAGE][PASSED] - Object: 'Object Repository/Page_Swag Labs/input_Swag Labs_login-button' is clicked on

21-03-2024T10:07:39 - [TEST_STEP][PASSED] - waitForAlert(3): No alert found after 3 second(s).

21-03-2024T10:07:42 - [MESSAGE][WARNING] - No alert found after 3 second(s).]]></system-out>
         <system-err><![CDATA[]]></system-err>
      </testcase>
      <testcase name="Test Cases/Login_TC" time="7.787" classname="Test Cases/Login_TC" status="PASSED">
         <system-out><![CDATA[21-03-2024T10:07:42 - [TEST_CASE][PASSED] - Test Cases/Login_TC: Test Cases/Login_TC

21-03-2024T10:07:42 - [TEST_STEP][PASSED] - openBrowser(""): Browser is opened with url: ''

21-03-2024T10:07:42 - [MESSAGE][WARNING] - A browser is already opened. Closing browser and opening a new one

21-03-2024T10:07:43 - [MESSAGE][INFO] - Starting 'Chrome' driver

21-03-2024T10:07:43 - [MESSAGE][INFO] - Action delay is set to 0 milliseconds

21-03-2024T10:07:43 - [MESSAGE][PASSED] - Browser is opened with url: ''

21-03-2024T10:07:43 - [TEST_STEP][PASSED] - navigateToUrl("https://www.saucedemo.com/"): Navigate to 'https://www.saucedemo.com/' successfully

21-03-2024T10:07:44 - [MESSAGE][PASSED] - Navigate to 'https://www.saucedemo.com/' successfully

21-03-2024T10:07:44 - [TEST_STEP][PASSED] - setText(findTestObject("Object Repository/Page_Swag Labs/input_Swag Labs_user-name"), username): Text 'standard_user' is set on object 'Object Repository/Page_Swag Labs/input_Swag Labs_user-name'

21-03-2024T10:07:46 - [MESSAGE][PASSED] - Text 'standard_user' is set on object 'Object Repository/Page_Swag Labs/input_Swag Labs_user-name'

21-03-2024T10:07:46 - [TEST_STEP][PASSED] - setText(findTestObject("Object Repository/Page_Swag Labs/input_Swag Labs_password"), password): Text 'secret_sauce' is set on object 'Object Repository/Page_Swag Labs/input_Swag Labs_password'

21-03-2024T10:07:47 - [MESSAGE][PASSED] - Text 'secret_sauce' is set on object 'Object Repository/Page_Swag Labs/input_Swag Labs_password'

21-03-2024T10:07:47 - [TEST_STEP][PASSED] - click(findTestObject("Object Repository/Page_Swag Labs/input_Swag Labs_login-button")): Object: 'Object Repository/Page_Swag Labs/input_Swag Labs_login-button' is clicked on

21-03-2024T10:07:47 - [MESSAGE][PASSED] - Object: 'Object Repository/Page_Swag Labs/input_Swag Labs_login-button' is clicked on

21-03-2024T10:07:47 - [TEST_STEP][PASSED] - waitForAlert(3): No alert found after 3 second(s).

21-03-2024T10:07:50 - [MESSAGE][WARNING] - No alert found after 3 second(s).]]></system-out>
         <system-err><![CDATA[]]></system-err>
      </testcase>
      <system-out><![CDATA[21-03-2024T10:06:47 - [TEST_SUITE][PASSED] - Login_TS: Test Cases/Login_TC]]></system-out>
      <system-err><![CDATA[]]></system-err>
   </testsuite>
</testsuites>
